<?xml version="1.0" encoding="UTF-8" ?>
<testsuite 
errors="0" failures="1" hostname="FakeMacbook" name="chatbot.ChallengeFlowTest" tests="2" time="0.148" timestamp="2020-11-23T13:05:22">
  <properties>
    <property name="java.runtime.name" value="OpenJDK Runtime Environment"/>
    <property 
    name="sun.boot.library.path" value="/usr/lib/jvm/java-8-openjdk-amd64/jre/lib/amd64">
</property>
    <property name="java.vm.version" value="25.275-b01"/>
    <property name="java.vm.vendor" value="Private Build"/>
    <property name="java.vendor.url" value="http://java.oracle.com/"/>
    <property name="path.separator" value=":"/>
    <property name="java.vm.name" value="OpenJDK 64-Bit Server VM"/>
    <property name="file.encoding.pkg" value="sun.io"/>
    <property name="user.country" value="US"/>
    <property name="sun.java.launcher" value="SUN_STANDARD"/>
    <property name="sun.os.patch.level" value="unknown"/>
    <property 
    name="java.vm.specification.name" value="Java Virtual Machine Specification">
</property>
    <property name="user.dir" value="/home/cooky/documents/tf/api-service"/>
    <property 
    name="java.runtime.version" value="1.8.0_275-8u275-b01-0ubuntu1~20.04-b01">
</property>
    <property 
    name="java.awt.graphicsenv" value="sun.awt.X11GraphicsEnvironment">
</property>
    <property name="basedir" value="/home/cooky/documents/tf/api-service"/>
    <property 
    name="java.endorsed.dirs" value="/usr/lib/jvm/java-8-openjdk-amd64/jre/lib/endorsed">
</property>
    <property name="os.arch" value="amd64"/>
    <property name="java.io.tmpdir" value="/tmp"/>
    <property name="line.separator" value=" "/>
    <property name="java.vm.specification.vendor" value="Oracle Corporation"/>
    <property name="os.name" value="Linux"/>
    <property name="sun.jnu.encoding" value="UTF-8"/>
    <property 
    name="java.library.path" value="/usr/java/packages/lib/amd64:/usr/lib/x86_64-linux-gnu/jni:/lib/x86_64-linux-gnu:/usr/lib/x86_64-linux-gnu:/usr/lib/jni:/lib:/usr/lib">
</property>
    <property 
    name="java.specification.name" value="Java Platform API Specification">
</property>
    <property name="java.class.version" value="52.0"/>
    <property 
    name="sun.management.compiler" value="HotSpot 64-Bit Tiered Compilers">
</property>
    <property name="os.version" value="5.4.0-54-generic"/>
    <property name="user.home" value="/home/cooky"/>
    <property name="user.timezone" value=""/>
    <property name="java.awt.printerjob" value="sun.print.PSPrinterJob"/>
    <property name="file.encoding" value="UTF-8"/>
    <property name="java.specification.version" value="1.8"/>
    <property name="user.name" value="cooky"/>
    <property 
    name="java.class.path" value="/home/cooky/documents/tf/api-service/target/test-classes:/home/cooky/documents/tf/api-service/target/classes:/home/cooky/.m2/repository/education/x/common-backend/2.1/common-backend-2.1.jar:/home/cooky/.m2/repository/org/scalactic/scalactic_2.11/3.1.1/scalactic_2.11-3.1.1.jar:/home/cooky/.m2/repository/com/sendgrid/sendgrid-java/4.4.5/sendgrid-java-4.4.5.jar:/home/cooky/.m2/repository/com/sendgrid/java-http-client/4.3.6/java-http-client-4.3.6.jar:/home/cooky/.m2/repository/org/apache/httpcomponents/httpcore/4.4.13/httpcore-4.4.13.jar:/home/cooky/.m2/repository/org/apache/httpcomponents/httpclient/4.5.12/httpclient-4.5.12.jar:/home/cooky/.m2/repository/commons-logging/commons-logging/1.2/commons-logging-1.2.jar:/home/cooky/.m2/repository/redis/clients/jedis/3.2.0/jedis-3.2.0.jar:/home/cooky/.m2/repository/org/slf4j/slf4j-api/1.7.25/slf4j-api-1.7.25.jar:/home/cooky/.m2/repository/org/apache/commons/commons-pool2/2.6.2/commons-pool2-2.6.2.jar:/home/cooky/.m2/repository/com/google/cloud/google-cloud-dialogflow/0.120.2/google-cloud-dialogflow-0.120.2.jar:/home/cooky/.m2/repository/io/grpc/grpc-api/1.27.0/grpc-api-1.27.0.jar:/home/cooky/.m2/repository/io/grpc/grpc-context/1.27.0/grpc-context-1.27.0.jar:/home/cooky/.m2/repository/io/grpc/grpc-stub/1.27.0/grpc-stub-1.27.0.jar:/home/cooky/.m2/repository/io/grpc/grpc-protobuf/1.27.0/grpc-protobuf-1.27.0.jar:/home/cooky/.m2/repository/io/grpc/grpc-protobuf-lite/1.27.0/grpc-protobuf-lite-1.27.0.jar:/home/cooky/.m2/repository/com/google/api/api-common/1.8.1/api-common-1.8.1.jar:/home/cooky/.m2/repository/javax/annotation/javax.annotation-api/1.3.2/javax.annotation-api-1.3.2.jar:/home/cooky/.m2/repository/com/google/protobuf/protobuf-java/3.11.3/protobuf-java-3.11.3.jar:/home/cooky/.m2/repository/com/google/api/grpc/proto-google-common-protos/1.17.0/proto-google-common-protos-1.17.0.jar:/home/cooky/.m2/repository/com/google/api/grpc/proto-google-cloud-dialogflow-v2/0.85.2/proto-google-cloud-dialogflow-v2-0.85.2.jar:/home/cooky/.m2/repository/com/google/api/grpc/proto-google-cloud-dialogflow-v2beta1/0.85.2/proto-google-cloud-dialogflow-v2beta1-0.85.2.jar:/home/cooky/.m2/repository/com/google/api/gax/1.53.1/gax-1.53.1.jar:/home/cooky/.m2/repository/com/google/auth/google-auth-library-oauth2-http/0.20.0/google-auth-library-oauth2-http-0.20.0.jar:/home/cooky/.m2/repository/com/google/auto/value/auto-value-annotations/1.7/auto-value-annotations-1.7.jar:/home/cooky/.m2/repository/com/google/http-client/google-http-client/1.34.0/google-http-client-1.34.0.jar:/home/cooky/.m2/repository/io/opencensus/opencensus-contrib-http-util/0.24.0/opencensus-contrib-http-util-0.24.0.jar:/home/cooky/.m2/repository/com/google/http-client/google-http-client-jackson2/1.34.0/google-http-client-jackson2-1.34.0.jar:/home/cooky/.m2/repository/io/opencensus/opencensus-api/0.24.0/opencensus-api-0.24.0.jar:/home/cooky/.m2/repository/com/google/api/gax-grpc/1.53.1/gax-grpc-1.53.1.jar:/home/cooky/.m2/repository/io/grpc/grpc-auth/1.27.0/grpc-auth-1.27.0.jar:/home/cooky/.m2/repository/com/google/auth/google-auth-library-credentials/0.20.0/google-auth-library-credentials-0.20.0.jar:/home/cooky/.m2/repository/io/grpc/grpc-netty-shaded/1.27.0/grpc-netty-shaded-1.27.0.jar:/home/cooky/.m2/repository/io/grpc/grpc-core/1.27.0/grpc-core-1.27.0.jar:/home/cooky/.m2/repository/com/google/code/gson/gson/2.8.6/gson-2.8.6.jar:/home/cooky/.m2/repository/com/google/android/annotations/4.1.1.4/annotations-4.1.1.4.jar:/home/cooky/.m2/repository/io/perfmark/perfmark-api/0.19.0/perfmark-api-0.19.0.jar:/home/cooky/.m2/repository/io/grpc/grpc-alts/1.27.0/grpc-alts-1.27.0.jar:/home/cooky/.m2/repository/io/grpc/grpc-grpclb/1.27.0/grpc-grpclb-1.27.0.jar:/home/cooky/.m2/repository/com/google/protobuf/protobuf-java-util/3.11.0/protobuf-java-util-3.11.0.jar:/home/cooky/.m2/repository/org/conscrypt/conscrypt-openjdk-uber/2.2.1/conscrypt-openjdk-uber-2.2.1.jar:/home/cooky/.m2/repository/org/threeten/threetenbp/1.4.1/threetenbp-1.4.1.jar:/home/cooky/.m2/repository/org/scalaj/scalaj-http_2.11/2.4.1/scalaj-http_2.11-2.4.1.jar:/home/cooky/.m2/repository/org/elasticsearch/elasticsearch/5.6.0/elasticsearch-5.6.0.jar:/home/cooky/.m2/repository/org/apache/lucene/lucene-core/6.6.0/lucene-core-6.6.0.jar:/home/cooky/.m2/repository/org/apache/lucene/lucene-analyzers-common/6.6.0/lucene-analyzers-common-6.6.0.jar:/home/cooky/.m2/repository/org/apache/lucene/lucene-backward-codecs/6.6.0/lucene-backward-codecs-6.6.0.jar:/home/cooky/.m2/repository/org/apache/lucene/lucene-grouping/6.6.0/lucene-grouping-6.6.0.jar:/home/cooky/.m2/repository/org/apache/lucene/lucene-highlighter/6.6.0/lucene-highlighter-6.6.0.jar:/home/cooky/.m2/repository/org/apache/lucene/lucene-join/6.6.0/lucene-join-6.6.0.jar:/home/cooky/.m2/repository/org/apache/lucene/lucene-memory/6.6.0/lucene-memory-6.6.0.jar:/home/cooky/.m2/repository/org/apache/lucene/lucene-misc/6.6.0/lucene-misc-6.6.0.jar:/home/cooky/.m2/repository/org/apache/lucene/lucene-queries/6.6.0/lucene-queries-6.6.0.jar:/home/cooky/.m2/repository/org/apache/lucene/lucene-queryparser/6.6.0/lucene-queryparser-6.6.0.jar:/home/cooky/.m2/repository/org/apache/lucene/lucene-sandbox/6.6.0/lucene-sandbox-6.6.0.jar:/home/cooky/.m2/repository/org/apache/lucene/lucene-spatial/6.6.0/lucene-spatial-6.6.0.jar:/home/cooky/.m2/repository/org/apache/lucene/lucene-spatial-extras/6.6.0/lucene-spatial-extras-6.6.0.jar:/home/cooky/.m2/repository/org/apache/lucene/lucene-spatial3d/6.6.0/lucene-spatial3d-6.6.0.jar:/home/cooky/.m2/repository/org/apache/lucene/lucene-suggest/6.6.0/lucene-suggest-6.6.0.jar:/home/cooky/.m2/repository/org/elasticsearch/securesm/1.1/securesm-1.1.jar:/home/cooky/.m2/repository/net/sf/jopt-simple/jopt-simple/5.0.2/jopt-simple-5.0.2.jar:/home/cooky/.m2/repository/com/carrotsearch/hppc/0.7.1/hppc-0.7.1.jar:/home/cooky/.m2/repository/joda-time/joda-time/2.9.5/joda-time-2.9.5.jar:/home/cooky/.m2/repository/org/yaml/snakeyaml/1.15/snakeyaml-1.15.jar:/home/cooky/.m2/repository/com/fasterxml/jackson/core/jackson-core/2.8.6/jackson-core-2.8.6.jar:/home/cooky/.m2/repository/com/fasterxml/jackson/dataformat/jackson-dataformat-smile/2.8.6/jackson-dataformat-smile-2.8.6.jar:/home/cooky/.m2/repository/com/fasterxml/jackson/dataformat/jackson-dataformat-yaml/2.8.6/jackson-dataformat-yaml-2.8.6.jar:/home/cooky/.m2/repository/com/fasterxml/jackson/dataformat/jackson-dataformat-cbor/2.8.6/jackson-dataformat-cbor-2.8.6.jar:/home/cooky/.m2/repository/com/tdunning/t-digest/3.0/t-digest-3.0.jar:/home/cooky/.m2/repository/org/hdrhistogram/HdrHistogram/2.1.9/HdrHistogram-2.1.9.jar:/home/cooky/.m2/repository/org/apache/logging/log4j/log4j-api/2.9.0/log4j-api-2.9.0.jar:/home/cooky/.m2/repository/org/elasticsearch/jna/4.4.0-1/jna-4.4.0-1.jar:/home/cooky/.m2/repository/org/elasticsearch/client/transport/5.6.0/transport-5.6.0.jar:/home/cooky/.m2/repository/org/elasticsearch/plugin/transport-netty3-client/5.6.0/transport-netty3-client-5.6.0.jar:/home/cooky/.m2/repository/io/netty/netty/3.10.6.Final/netty-3.10.6.Final.jar:/home/cooky/.m2/repository/org/elasticsearch/plugin/transport-netty4-client/5.6.0/transport-netty4-client-5.6.0.jar:/home/cooky/.m2/repository/io/netty/netty-buffer/4.1.13.Final/netty-buffer-4.1.13.Final.jar:/home/cooky/.m2/repository/io/netty/netty-codec/4.1.13.Final/netty-codec-4.1.13.Final.jar:/home/cooky/.m2/repository/io/netty/netty-codec-http/4.1.13.Final/netty-codec-http-4.1.13.Final.jar:/home/cooky/.m2/repository/io/netty/netty-common/4.1.13.Final/netty-common-4.1.13.Final.jar:/home/cooky/.m2/repository/io/netty/netty-handler/4.1.13.Final/netty-handler-4.1.13.Final.jar:/home/cooky/.m2/repository/io/netty/netty-resolver/4.1.13.Final/netty-resolver-4.1.13.Final.jar:/home/cooky/.m2/repository/io/netty/netty-transport/4.1.13.Final/netty-transport-4.1.13.Final.jar:/home/cooky/.m2/repository/org/elasticsearch/plugin/reindex-client/5.6.0/reindex-client-5.6.0.jar:/home/cooky/.m2/repository/org/elasticsearch/client/elasticsearch-rest-client/5.6.0/elasticsearch-rest-client-5.6.0.jar:/home/cooky/.m2/repository/org/apache/httpcomponents/httpasyncclient/4.1.2/httpasyncclient-4.1.2.jar:/home/cooky/.m2/repository/org/apache/httpcomponents/httpcore-nio/4.4.5/httpcore-nio-4.4.5.jar:/home/cooky/.m2/repository/org/elasticsearch/plugin/lang-mustache-client/5.6.0/lang-mustache-client-5.6.0.jar:/home/cooky/.m2/repository/org/elasticsearch/plugin/percolator-client/5.6.0/percolator-client-5.6.0.jar:/home/cooky/.m2/repository/org/elasticsearch/plugin/parent-join-client/5.6.0/parent-join-client-5.6.0.jar:/home/cooky/.m2/repository/com/google/guava/guava/23.0/guava-23.0.jar:/home/cooky/.m2/repository/com/google/code/findbugs/jsr305/1.3.9/jsr305-1.3.9.jar:/home/cooky/.m2/repository/com/google/errorprone/error_prone_annotations/2.0.18/error_prone_annotations-2.0.18.jar:/home/cooky/.m2/repository/com/google/j2objc/j2objc-annotations/1.1/j2objc-annotations-1.1.jar:/home/cooky/.m2/repository/org/codehaus/mojo/animal-sniffer-annotations/1.14/animal-sniffer-annotations-1.14.jar:/home/cooky/.m2/repository/org/nutz/ssdb4j/9.2/ssdb4j-9.2.jar:/home/cooky/.m2/repository/commons-pool/commons-pool/1.6/commons-pool-1.6.jar:/home/cooky/.m2/repository/org/nutz/nutz/1.b.50/nutz-1.b.50.jar:/home/cooky/.m2/repository/com/github/gilbertw1/slack-scala-client_2.11/0.2.3/slack-scala-client_2.11-0.2.3.jar:/home/cooky/.m2/repository/com/typesafe/akka/akka-http-core_2.11/10.0.11/akka-http-core_2.11-10.0.11.jar:/home/cooky/.m2/repository/com/typesafe/akka/akka-parsing_2.11/10.0.11/akka-parsing_2.11-10.0.11.jar:/home/cooky/.m2/repository/com/typesafe/play/play-json_2.11/2.6.9/play-json_2.11-2.6.9.jar:/home/cooky/.m2/repository/com/typesafe/play/play-functional_2.11/2.6.9/play-functional_2.11-2.6.9.jar:/home/cooky/.m2/repository/org/typelevel/macro-compat_2.11/1.1.1/macro-compat_2.11-1.1.1.jar:/home/cooky/.m2/repository/com/fasterxml/jackson/core/jackson-annotations/2.8.9/jackson-annotations-2.8.9.jar:/home/cooky/.m2/repository/com/fasterxml/jackson/datatype/jackson-datatype-jdk8/2.8.9/jackson-datatype-jdk8-2.8.9.jar:/home/cooky/.m2/repository/com/fasterxml/jackson/datatype/jackson-datatype-jsr310/2.8.9/jackson-datatype-jsr310-2.8.9.jar:/home/cooky/.m2/repository/org/scala-lang/modules/scala-async_2.11/0.9.7/scala-async_2.11-0.9.7.jar:/home/cooky/.m2/repository/javax/mail/mail/1.4.7/mail-1.4.7.jar:/home/cooky/.m2/repository/javax/activation/activation/1.1/activation-1.1.jar:/home/cooky/.m2/repository/com/typesafe/akka/akka-actor_2.11/2.5.14/akka-actor_2.11-2.5.14.jar:/home/cooky/.m2/repository/org/scala-lang/modules/scala-java8-compat_2.11/0.7.0/scala-java8-compat_2.11-0.7.0.jar:/home/cooky/.m2/repository/com/typesafe/akka/akka-stream_2.11/2.5.14/akka-stream_2.11-2.5.14.jar:/home/cooky/.m2/repository/com/typesafe/akka/akka-protobuf_2.11/2.5.14/akka-protobuf_2.11-2.5.14.jar:/home/cooky/.m2/repository/org/reactivestreams/reactive-streams/1.0.2/reactive-streams-1.0.2.jar:/home/cooky/.m2/repository/com/typesafe/ssl-config-core_2.11/0.2.3/ssl-config-core_2.11-0.2.3.jar:/home/cooky/.m2/repository/org/scala-lang/modules/scala-parser-combinators_2.11/1.1.0/scala-parser-combinators_2.11-1.1.0.jar:/home/cooky/.m2/repository/com/typesafe/akka/akka-testkit_2.11/2.5.14/akka-testkit_2.11-2.5.14.jar:/home/cooky/.m2/repository/org/scala-lang/scala-library/2.11.11/scala-library-2.11.11.jar:/home/cooky/.m2/repository/com/twitter/finatra-thrift_2.11/18.4.0/finatra-thrift_2.11-18.4.0.jar:/home/cooky/.m2/repository/com/twitter/inject-server_2.11/18.4.0/inject-server_2.11-18.4.0.jar:/home/cooky/.m2/repository/com/twitter/inject-slf4j_2.11/18.4.0/inject-slf4j_2.11-18.4.0.jar:/home/cooky/.m2/repository/com/twitter/util-slf4j-api_2.11/18.4.0/util-slf4j-api_2.11-18.4.0.jar:/home/cooky/.m2/repository/org/slf4j/jcl-over-slf4j/1.7.21/jcl-over-slf4j-1.7.21.jar:/home/cooky/.m2/repository/org/slf4j/jul-to-slf4j/1.7.21/jul-to-slf4j-1.7.21.jar:/home/cooky/.m2/repository/org/slf4j/log4j-over-slf4j/1.7.21/log4j-over-slf4j-1.7.21.jar:/home/cooky/.m2/repository/com/twitter/inject-thrift_2.11/18.4.0/inject-thrift_2.11-18.4.0.jar:/home/cooky/.m2/repository/org/apache/thrift/libthrift/0.10.0/libthrift-0.10.0.jar:/home/cooky/.m2/repository/com/twitter/finagle-mux_2.11/18.4.0/finagle-mux_2.11-18.4.0.jar:/home/cooky/.m2/repository/com/twitter/scrooge-core_2.11/18.4.0/scrooge-core_2.11-18.4.0.jar:/home/cooky/.m2/repository/com/twitter/finatra-utils_2.11/18.4.0/finatra-utils_2.11-18.4.0.jar:/home/cooky/.m2/repository/com/twitter/finagle-core_2.11/18.4.0/finagle-core_2.11-18.4.0.jar:/home/cooky/.m2/repository/com/twitter/finagle-toggle_2.11/18.4.0/finagle-toggle_2.11-18.4.0.jar:/home/cooky/.m2/repository/com/twitter/finagle-init_2.11/18.4.0/finagle-init_2.11-18.4.0.jar:/home/cooky/.m2/repository/com/twitter/util-cache_2.11/18.4.0/util-cache_2.11-18.4.0.jar:/home/cooky/.m2/repository/com/twitter/util-codec_2.11/18.4.0/util-codec_2.11-18.4.0.jar:/home/cooky/.m2/repository/com/twitter/util-hashing_2.11/18.4.0/util-hashing_2.11-18.4.0.jar:/home/cooky/.m2/repository/com/twitter/util-jvm_2.11/18.4.0/util-jvm_2.11-18.4.0.jar:/home/cooky/.m2/repository/com/twitter/util-lint_2.11/18.4.0/util-lint_2.11-18.4.0.jar:/home/cooky/.m2/repository/com/twitter/util-logging_2.11/18.4.0/util-logging_2.11-18.4.0.jar:/home/cooky/.m2/repository/com/twitter/util-registry_2.11/18.4.0/util-registry_2.11-18.4.0.jar:/home/cooky/.m2/repository/com/twitter/util-security_2.11/18.4.0/util-security_2.11-18.4.0.jar:/home/cooky/.m2/repository/com/twitter/util-tunable_2.11/18.4.0/util-tunable_2.11-18.4.0.jar:/home/cooky/.m2/repository/com/github/ben-manes/caffeine/caffeine/2.3.4/caffeine-2.3.4.jar:/home/cooky/.m2/repository/com/twitter/finagle-exp_2.11/18.4.0/finagle-exp_2.11-18.4.0.jar:/home/cooky/.m2/repository/com/twitter/finagle-thrift_2.11/18.4.0/finagle-thrift_2.11-18.4.0.jar:/home/cooky/.m2/repository/com/twitter/finagle-netty4_2.11/18.4.0/finagle-netty4_2.11-18.4.0.jar:/home/cooky/.m2/repository/io/netty/netty-transport-native-epoll/4.1.16.Final/netty-transport-native-epoll-4.1.16.Final-linux-x86_64.jar:/home/cooky/.m2/repository/io/netty/netty-transport-native-unix-common/4.1.16.Final/netty-transport-native-unix-common-4.1.16.Final.jar:/home/cooky/.m2/repository/io/netty/netty-handler-proxy/4.1.16.Final/netty-handler-proxy-4.1.16.Final.jar:/home/cooky/.m2/repository/io/netty/netty-codec-socks/4.1.16.Final/netty-codec-socks-4.1.16.Final.jar:/home/cooky/.m2/repository/com/twitter/finagle-thriftmux_2.11/18.4.0/finagle-thriftmux_2.11-18.4.0.jar:/home/cooky/.m2/repository/commons-lang/commons-lang/2.6/commons-lang-2.6.jar:/home/cooky/.m2/repository/com/twitter/util-core_2.11/18.4.0/util-core_2.11-18.4.0.jar:/home/cooky/.m2/repository/com/twitter/util-function_2.11/18.4.0/util-function_2.11-18.4.0.jar:/home/cooky/.m2/repository/javax/inject/javax.inject/1/javax.inject-1.jar:/home/cooky/.m2/repository/com/twitter/finatra-http_2.11/18.4.0/finatra-http_2.11-18.4.0.jar:/home/cooky/.m2/repository/com/twitter/finatra-jackson_2.11/18.4.0/finatra-jackson_2.11-18.4.0.jar:/home/cooky/.m2/repository/com/github/spullara/mustache/java/compiler/0.8.18/compiler-0.8.18.jar:/home/cooky/.m2/repository/com/twitter/finagle-http_2.11/18.4.0/finagle-http_2.11-18.4.0.jar:/home/cooky/.m2/repository/com/twitter/finagle-base-http_2.11/18.4.0/finagle-base-http_2.11-18.4.0.jar:/home/cooky/.m2/repository/com/twitter/finagle-netty3_2.11/18.4.0/finagle-netty3_2.11-18.4.0.jar:/home/cooky/.m2/repository/com/twitter/finagle-netty4-http_2.11/18.4.0/finagle-netty4-http_2.11-18.4.0.jar:/home/cooky/.m2/repository/com/twitter/finagle-http2_2.11/18.4.0/finagle-http2_2.11-18.4.0.jar:/home/cooky/.m2/repository/io/netty/netty-codec-http2/4.1.16.Final/netty-codec-http2-4.1.16.Final.jar:/home/cooky/.m2/repository/com/twitter/util-collection_2.11/18.4.0/util-collection_2.11-18.4.0.jar:/home/cooky/.m2/repository/io/netty/netty-tcnative-boringssl-static/2.0.6.Final/netty-tcnative-boringssl-static-2.0.6.Final.jar:/home/cooky/.m2/repository/commons-fileupload/commons-fileupload/1.3.1/commons-fileupload-1.3.1.jar:/home/cooky/.m2/repository/javax/servlet/servlet-api/2.5/servlet-api-2.5.jar:/home/cooky/.m2/repository/ch/qos/logback/logback-classic/1.1.7/logback-classic-1.1.7.jar:/home/cooky/.m2/repository/ch/qos/logback/logback-core/1.1.7/logback-core-1.1.7.jar:/home/cooky/.m2/repository/com/typesafe/config/1.3.1/config-1.3.1.jar:/home/cooky/.m2/repository/com/wix/wix-embedded-mysql/4.1.0/wix-embedded-mysql-4.1.0.jar:/home/cooky/.m2/repository/de/flapdoodle/embed/de.flapdoodle.embed.process/2.0.1/de.flapdoodle.embed.process-2.0.1.jar:/home/cooky/.m2/repository/org/apache/commons/commons-lang3/3.1/commons-lang3-3.1.jar:/home/cooky/.m2/repository/net/java/dev/jna/jna/4.0.0/jna-4.0.0.jar:/home/cooky/.m2/repository/net/java/dev/jna/jna-platform/4.0.0/jna-platform-4.0.0.jar:/home/cooky/.m2/repository/org/apache/commons/commons-compress/1.14/commons-compress-1.14.jar:/home/cooky/.m2/repository/com/twitter/finatra-thrift_2.11/18.4.0/finatra-thrift_2.11-18.4.0-tests.jar:/home/cooky/.m2/repository/com/google/inject/extensions/guice-testlib/4.0/guice-testlib-4.0.jar:/home/cooky/.m2/repository/com/google/inject/guice/4.0/guice-4.0.jar:/home/cooky/.m2/repository/aopalliance/aopalliance/1.0/aopalliance-1.0.jar:/home/cooky/.m2/repository/com/twitter/finatra-http_2.11/18.4.0/finatra-http_2.11-18.4.0-tests.jar:/home/cooky/.m2/repository/com/twitter/finatra-jackson_2.11/18.4.0/finatra-jackson_2.11-18.4.0-tests.jar:/home/cooky/.m2/repository/com/twitter/inject-utils_2.11/18.4.0/inject-utils_2.11-18.4.0.jar:/home/cooky/.m2/repository/com/fasterxml/jackson/core/jackson-databind/2.8.4/jackson-databind-2.8.4.jar:/home/cooky/.m2/repository/com/fasterxml/jackson/datatype/jackson-datatype-joda/2.8.4/jackson-datatype-joda-2.8.4.jar:/home/cooky/.m2/repository/com/fasterxml/jackson/module/jackson-module-scala_2.11/2.8.4/jackson-module-scala_2.11-2.8.4.jar:/home/cooky/.m2/repository/com/fasterxml/jackson/module/jackson-module-paranamer/2.8.4/jackson-module-paranamer-2.8.4.jar:/home/cooky/.m2/repository/com/thoughtworks/paranamer/paranamer/2.8/paranamer-2.8.jar:/home/cooky/.m2/repository/org/scala-lang/scalap/2.11.11/scalap-2.11.11.jar:/home/cooky/.m2/repository/org/scala-lang/scala-compiler/2.11.11/scala-compiler-2.11.11.jar:/home/cooky/.m2/repository/com/twitter/inject-core_2.11/18.4.0/inject-core_2.11-18.4.0-tests.jar:/home/cooky/.m2/repository/com/google/inject/extensions/guice-assistedinject/4.0/guice-assistedinject-4.0.jar:/home/cooky/.m2/repository/com/google/inject/extensions/guice-multibindings/4.0/guice-multibindings-4.0.jar:/home/cooky/.m2/repository/com/twitter/util-app_2.11/18.4.0/util-app_2.11-18.4.0.jar:/home/cooky/.m2/repository/commons-io/commons-io/2.4/commons-io-2.4.jar:/home/cooky/.m2/repository/com/github/nscala-time/nscala-time_2.11/2.14.0/nscala-time_2.11-2.14.0.jar:/home/cooky/.m2/repository/net/codingwell/scala-guice_2.11/4.1.0/scala-guice_2.11-4.1.0.jar:/home/cooky/.m2/repository/org/joda/joda-convert/1.2/joda-convert-1.2.jar:/home/cooky/.m2/repository/com/twitter/inject-modules_2.11/18.4.0/inject-modules_2.11-18.4.0-tests.jar:/home/cooky/.m2/repository/com/twitter/inject-core_2.11/18.4.0/inject-core_2.11-18.4.0.jar:/home/cooky/.m2/repository/com/twitter/util-slf4j-jul-bridge_2.11/18.4.0/util-slf4j-jul-bridge_2.11-18.4.0.jar:/home/cooky/.m2/repository/com/twitter/util-stats_2.11/18.4.0/util-stats_2.11-18.4.0.jar:/home/cooky/.m2/repository/com/twitter/inject-app_2.11/18.4.0/inject-app_2.11-18.4.0-tests.jar:/home/cooky/.m2/repository/com/twitter/inject-server_2.11/18.4.0/inject-server_2.11-18.4.0-tests.jar:/home/cooky/.m2/repository/com/twitter/inject-app_2.11/18.4.0/inject-app_2.11-18.4.0.jar:/home/cooky/.m2/repository/com/twitter/inject-modules_2.11/18.4.0/inject-modules_2.11-18.4.0.jar:/home/cooky/.m2/repository/com/twitter/finagle-stats_2.11/18.4.0/finagle-stats_2.11-18.4.0.jar:/home/cooky/.m2/repository/com/twitter/finagle-tunable_2.11/18.4.0/finagle-tunable_2.11-18.4.0.jar:/home/cooky/.m2/repository/com/twitter/twitter-server_2.11/18.4.0/twitter-server_2.11-18.4.0.jar:/home/cooky/.m2/repository/org/scalatest/scalatest_2.11/3.0.5/scalatest_2.11-3.0.5.jar:/home/cooky/.m2/repository/org/scala-lang/scala-reflect/2.11.12/scala-reflect-2.11.12.jar:/home/cooky/.m2/repository/org/scala-lang/modules/scala-xml_2.11/1.0.6/scala-xml_2.11-1.0.6.jar:/home/cooky/.m2/repository/org/specs2/specs2-core_2.11/3.7/specs2-core_2.11-3.7.jar:/home/cooky/.m2/repository/org/specs2/specs2-matcher_2.11/3.7/specs2-matcher_2.11-3.7.jar:/home/cooky/.m2/repository/org/specs2/specs2-junit_2.11/3.7/specs2-junit_2.11-3.7.jar:/home/cooky/.m2/repository/junit/junit/4.12/junit-4.12.jar:/home/cooky/.m2/repository/org/specs2/specs2-matcher-extra_2.11/3.7/specs2-matcher-extra_2.11-3.7.jar:/home/cooky/.m2/repository/org/specs2/specs2-mock_2.11/3.7/specs2-mock_2.11-3.7.jar:/home/cooky/.m2/repository/org/specs2/specs2-scalacheck_2.11/3.7/specs2-scalacheck_2.11-3.7.jar:/home/cooky/.m2/repository/org/scalacheck/scalacheck_2.11/1.12.5/scalacheck_2.11-1.12.5.jar:/home/cooky/.m2/repository/org/scala-sbt/test-interface/1.0/test-interface-1.0.jar:/home/cooky/.m2/repository/org/specs2/specs2-analysis_2.11/3.7/specs2-analysis_2.11-3.7.jar:/home/cooky/.m2/repository/org/specs2/classycle/1.4.3/classycle-1.4.3.jar:/home/cooky/.m2/repository/org/specs2/specs2-gwt_2.11/3.7/specs2-gwt_2.11-3.7.jar:/home/cooky/.m2/repository/com/chuusai/shapeless_2.11/2.2.5/shapeless_2.11-2.2.5.jar:/home/cooky/.m2/repository/org/specs2/specs2-html_2.11/3.7/specs2-html_2.11-3.7.jar:/home/cooky/.m2/repository/org/ccil/cowan/tagsoup/tagsoup/1.2/tagsoup-1.2.jar:/home/cooky/.m2/repository/org/specs2/specs2-form_2.11/3.7/specs2-form_2.11-3.7.jar:/home/cooky/.m2/repository/org/specs2/specs2-markdown_2.11/3.7/specs2-markdown_2.11-3.7.jar:/home/cooky/.m2/repository/org/specs2/specs2-common_2.11/3.7/specs2-common_2.11-3.7.jar:/home/cooky/.m2/repository/org/spire-math/kind-projector_2.11/0.7.1/kind-projector_2.11-0.7.1.jar:/home/cooky/.m2/repository/org/scalaz/scalaz-core_2.11/7.2.0/scalaz-core_2.11-7.2.0.jar:/home/cooky/.m2/repository/org/scalaz/scalaz-effect_2.11/7.2.0/scalaz-effect_2.11-7.2.0.jar:/home/cooky/.m2/repository/org/scalaz/scalaz-concurrent_2.11/7.2.0/scalaz-concurrent_2.11-7.2.0.jar:/home/cooky/.m2/repository/org/scalaz/stream/scalaz-stream_2.11/0.8/scalaz-stream_2.11-0.8.jar:/home/cooky/.m2/repository/org/scodec/scodec-bits_2.11/1.0.9/scodec-bits_2.11-1.0.9.jar:/home/cooky/.m2/repository/org/pegdown/pegdown/1.2.1/pegdown-1.2.1.jar:/home/cooky/.m2/repository/org/parboiled/parboiled-java/1.1.4/parboiled-java-1.1.4.jar:/home/cooky/.m2/repository/org/parboiled/parboiled-core/1.1.4/parboiled-core-1.1.4.jar:/home/cooky/.m2/repository/org/ow2/asm/asm/4.1/asm-4.1.jar:/home/cooky/.m2/repository/org/ow2/asm/asm-tree/4.1/asm-tree-4.1.jar:/home/cooky/.m2/repository/org/ow2/asm/asm-analysis/4.1/asm-analysis-4.1.jar:/home/cooky/.m2/repository/org/ow2/asm/asm-util/4.1/asm-util-4.1.jar:/home/cooky/.m2/repository/org/mockito/mockito-core/1.10.19/mockito-core-1.10.19.jar:/home/cooky/.m2/repository/org/hamcrest/hamcrest-core/1.1/hamcrest-core-1.1.jar:/home/cooky/.m2/repository/org/objenesis/objenesis/2.1/objenesis-2.1.jar:/home/cooky/.m2/repository/org/apache/poi/poi/3.17/poi-3.17.jar:/home/cooky/.m2/repository/commons-codec/commons-codec/1.10/commons-codec-1.10.jar:/home/cooky/.m2/repository/org/apache/commons/commons-collections4/4.1/commons-collections4-4.1.jar">
</property>
    <property name="java.vm.specification.version" value="1.8"/>
    <property name="sun.arch.data.model" value="64"/>
    <property name="java.home" value="/usr/lib/jvm/java-8-openjdk-amd64/jre"/>
    <property 
    name="sun.java.command" value="org.scalatest.tools.Runner -R /home/cooky/documents/tf/api-service/target/classes /home/cooky/documents/tf/api-service/target/test-classes -q Test|Spec -oT -fWDF /home/cooky/documents/tf/api-service/target/surefire-reports/TestSuite.txt -u /home/cooky/documents/tf/api-service/target/surefire-reports/.">
</property>
    <property name="java.specification.vendor" value="Oracle Corporation"/>
    <property name="user.language" value="en"/>
    <property name="awt.toolkit" value="sun.awt.X11.XToolkit"/>
    <property name="java.vm.info" value="mixed mode"/>
    <property name="java.version" value="1.8.0_275"/>
    <property 
    name="java.ext.dirs" value="/usr/lib/jvm/java-8-openjdk-amd64/jre/lib/ext:/usr/java/packages/lib/ext">
</property>
    <property 
    name="sun.boot.class.path" value="/usr/lib/jvm/java-8-openjdk-amd64/jre/lib/resources.jar:/usr/lib/jvm/java-8-openjdk-amd64/jre/lib/rt.jar:/usr/lib/jvm/java-8-openjdk-amd64/jre/lib/sunrsasign.jar:/usr/lib/jvm/java-8-openjdk-amd64/jre/lib/jsse.jar:/usr/lib/jvm/java-8-openjdk-amd64/jre/lib/jce.jar:/usr/lib/jvm/java-8-openjdk-amd64/jre/lib/charsets.jar:/usr/lib/jvm/java-8-openjdk-amd64/jre/lib/jfr.jar:/usr/lib/jvm/java-8-openjdk-amd64/jre/classes">
</property>
    <property name="java.vendor" value="Private Build"/>
    <property name="file.separator" value="/"/>
    <property 
    name="java.vendor.url.bug" value="http://bugreport.sun.com/bugreport/">
</property>
    <property name="sun.cpu.endian" value="little"/>
    <property name="sun.io.unicode.encoding" value="UnicodeLittle"/>
    <property name="sun.desktop" value="gnome"/>
    <property name="sun.cpu.isalist" value=""/>
  </properties>
  <testcase 
  name="Create Challenge Phrasal Verb A" classname="chatbot.ChallengeFlowTest" time="0.016">
    <failure 
    message="org.nutz.ssdb4j.spi.SSDBException: java.net.ConnectException: Connection refused (Connection refused)" type="class org.nutz.ssdb4j.spi.SSDBException">
      org.nutz.ssdb4j.spi.SSDBException: org.nutz.ssdb4j.spi.SSDBException: java.net.ConnectException: Connection refused (Connection refused)
      at org.nutz.ssdb4j.pool.PoolSSDBStream.req(PoolSSDBStream.java:34)
      at org.nutz.ssdb4j.impl.SimpleClient.req(SimpleClient.java:49)
      at org.nutz.ssdb4j.impl.SimpleClient.qclear(SimpleClient.java:258)
      at education.x.commons.SsdbList$$anonfun$clear$1.apply$mcZ$sp(SsdbList.scala:63)
      at education.x.commons.SsdbList$$anonfun$clear$1.apply(SsdbList.scala:63)
      at education.x.commons.SsdbList$$anonfun$clear$1.apply(SsdbList.scala:63)
      at scala.concurrent.impl.Future$PromiseCompletingRunnable.liftedTree1$1(Future.scala:24)
      at scala.concurrent.impl.Future$PromiseCompletingRunnable.run(Future.scala:24)
      at scala.concurrent.impl.ExecutionContextImpl$AdaptedForkJoinTask.exec(ExecutionContextImpl.scala:121)
      at scala.concurrent.forkjoin.ForkJoinTask.doExec(ForkJoinTask.java:260)
      at scala.concurrent.forkjoin.ForkJoinPool$WorkQueue.runTask(ForkJoinPool.java:1339)
      at scala.concurrent.forkjoin.ForkJoinPool.runWorker(ForkJoinPool.java:1979)
      at scala.concurrent.forkjoin.ForkJoinWorkerThread.run(ForkJoinWorkerThread.java:107)
      Cause: org.nutz.ssdb4j.spi.SSDBException: java.net.ConnectException: Connection refused (Connection refused)
      at org.nutz.ssdb4j.impl.SocketSSDBStream.beforeExec(SocketSSDBStream.java:48)
      at org.nutz.ssdb4j.impl.AbstractIoSSDBStream.req(AbstractIoSSDBStream.java:20)
      at org.nutz.ssdb4j.pool.PoolSSDBStream.req(PoolSSDBStream.java:24)
      at org.nutz.ssdb4j.impl.SimpleClient.req(SimpleClient.java:49)
      at org.nutz.ssdb4j.impl.SimpleClient.qclear(SimpleClient.java:258)
      at education.x.commons.SsdbList$$anonfun$clear$1.apply$mcZ$sp(SsdbList.scala:63)
      at education.x.commons.SsdbList$$anonfun$clear$1.apply(SsdbList.scala:63)
      at education.x.commons.SsdbList$$anonfun$clear$1.apply(SsdbList.scala:63)
      at scala.concurrent.impl.Future$PromiseCompletingRunnable.liftedTree1$1(Future.scala:24)
      at scala.concurrent.impl.Future$PromiseCompletingRunnable.run(Future.scala:24)
      at scala.concurrent.impl.ExecutionContextImpl$AdaptedForkJoinTask.exec(ExecutionContextImpl.scala:121)
      at scala.concurrent.forkjoin.ForkJoinTask.doExec(ForkJoinTask.java:260)
      at scala.concurrent.forkjoin.ForkJoinPool$WorkQueue.runTask(ForkJoinPool.java:1339)
      at scala.concurrent.forkjoin.ForkJoinPool.runWorker(ForkJoinPool.java:1979)
      at scala.concurrent.forkjoin.ForkJoinWorkerThread.run(ForkJoinWorkerThread.java:107)
      Cause: java.net.ConnectException: Connection refused (Connection refused)
      at java.net.PlainSocketImpl.socketConnect(Native Method)
      at java.net.AbstractPlainSocketImpl.doConnect(AbstractPlainSocketImpl.java:350)
      at java.net.AbstractPlainSocketImpl.connectToAddress(AbstractPlainSocketImpl.java:206)
      at java.net.AbstractPlainSocketImpl.connect(AbstractPlainSocketImpl.java:188)
      at java.net.SocksSocketImpl.connect(SocksSocketImpl.java:392)
      at java.net.Socket.connect(Socket.java:607)
      at org.nutz.ssdb4j.impl.SocketSSDBStream.beforeExec(SocketSSDBStream.java:37)
      at org.nutz.ssdb4j.impl.AbstractIoSSDBStream.req(AbstractIoSSDBStream.java:20)
      at org.nutz.ssdb4j.pool.PoolSSDBStream.req(PoolSSDBStream.java:24)
      at org.nutz.ssdb4j.impl.SimpleClient.req(SimpleClient.java:49)
      at org.nutz.ssdb4j.impl.SimpleClient.qclear(SimpleClient.java:258)
      at education.x.commons.SsdbList$$anonfun$clear$1.apply$mcZ$sp(SsdbList.scala:63)
      at education.x.commons.SsdbList$$anonfun$clear$1.apply(SsdbList.scala:63)
      at education.x.commons.SsdbList$$anonfun$clear$1.apply(SsdbList.scala:63)
      at scala.concurrent.impl.Future$PromiseCompletingRunnable.liftedTree1$1(Future.scala:24)
      at scala.concurrent.impl.Future$PromiseCompletingRunnable.run(Future.scala:24)
      at scala.concurrent.impl.ExecutionContextImpl$AdaptedForkJoinTask.exec(ExecutionContextImpl.scala:121)
      at scala.concurrent.forkjoin.ForkJoinTask.doExec(ForkJoinTask.java:260)
      at scala.concurrent.forkjoin.ForkJoinPool$WorkQueue.runTask(ForkJoinPool.java:1339)
      at scala.concurrent.forkjoin.ForkJoinPool.runWorker(ForkJoinPool.java:1979)
      at scala.concurrent.forkjoin.ForkJoinWorkerThread.run(ForkJoinWorkerThread.java:107)
</failure>
</testcase>
  <testcase 
  name="Join Challenge" classname="chatbot.ChallengeFlowTest" time="0.0">
</testcase>
  <system-out><![CDATA[]]></system-out>
  <system-err><![CDATA[]]></system-err>
</testsuite>
